<?xml version="1.0" encoding="UTF-8" ?>
<testsuite tests="27" failures="0" name="no.dh.storagesystem.service.StorageSystemTest" time="0.255" errors="0" skipped="0">
  <properties>
[...]
</properties>
  <testcase classname="no.dh.storagesystem.service.StorageSystemTest" name="testGetCustomerByPhone" time="0.026"/>
  <testcase classname="no.dh.storagesystem.service.StorageSystemTest" name="testGetAllCustomers" time="0.011"/>
  <testcase classname="no.dh.storagesystem.service.StorageSystemTest" name="testGetCustomerByName" time="0.008"/>
  <testcase classname="no.dh.storagesystem.service.StorageSystemTest" name="testGetProductByName" time="0.008"/>
  <testcase classname="no.dh.storagesystem.service.StorageSystemTest" name="testGetProductByShelfSpace" time="0.01"/>
  <testcase classname="no.dh.storagesystem.service.StorageSystemTest" name="testGetProductsByType" time="0.011"/>
  <testcase classname="no.dh.storagesystem.service.StorageSystemTest" name="testGetOrdersByDate" time="0.013"/>
  <testcase classname="no.dh.storagesystem.service.StorageSystemTest" name="testGetOrderByOrderNo" time="0.009"/>
  <testcase classname="no.dh.storagesystem.service.StorageSystemTest" name="testUpdateCustomer" time="0.007"/>
  <testcase classname="no.dh.storagesystem.service.StorageSystemTest" name="testRemoveOrderFromCustomer" time="0.01"/>
  <testcase classname="no.dh.storagesystem.service.StorageSystemTest" name="testAddOrderToCustomer" time="0.008"/>
  <testcase classname="no.dh.storagesystem.service.StorageSystemTest" name="testGetOrdersByCustomer" time="0.014"/>
  <testcase classname="no.dh.storagesystem.service.StorageSystemTest" name="testGetAllProducts" time="0.008"/>
  <testcase classname="no.dh.storagesystem.service.StorageSystemTest" name="testUpdateProduct" time="0.006"/>
  <testcase classname="no.dh.storagesystem.service.StorageSystemTest" name="testRemoveProductFromOrder" time="0.011"/>
  <testcase classname="no.dh.storagesystem.service.StorageSystemTest" name="testAddProductToOrder" time="0.008"/>
  <testcase classname="no.dh.storagesystem.service.StorageSystemTest" name="testGetCustomer" time="0.007"/>
  <testcase classname="no.dh.storagesystem.service.StorageSystemTest" name="testDelCustomer" time="0.009"/>
  <testcase classname="no.dh.storagesystem.service.StorageSystemTest" name="testGetProduct" time="0.009"/>
  <testcase classname="no.dh.storagesystem.service.StorageSystemTest" name="testAddCustomer" time="0.006"/>
  <testcase classname="no.dh.storagesystem.service.StorageSystemTest" name="testGetOrder" time="0.006"/>
  <testcase classname="no.dh.storagesystem.service.StorageSystemTest" name="testDelProduct" time="0.008"/>
  <testcase classname="no.dh.storagesystem.service.StorageSystemTest" name="testAddOrder" time="0.006"/>
  <testcase classname="no.dh.storagesystem.service.StorageSystemTest" name="testUpdateOrder" time="0.01"/>
  <testcase classname="no.dh.storagesystem.service.StorageSystemTest" name="testAddProduct" time="0.007"/>
  <testcase classname="no.dh.storagesystem.service.StorageSystemTest" name="testDelOrder" time="0.009"/>
  <testcase classname="no.dh.storagesystem.service.StorageSystemTest" name="testGetAllORders" time="0.01"/>
</testsuite>